  Cartridge.cpp
E:\Perso\Developpement\Programmes\Programmes\C++\GameBoyEmulator\GameBoyEmulator\GameBoyEmulator\Cartridge.cpp(17,15): warning C4244: 'initializing': conversion from 'std::streamoff' to 'int', possible loss of data
E:\Perso\Developpement\Programmes\Programmes\C++\GameBoyEmulator\GameBoyEmulator\GameBoyEmulator\Cartridge.cpp(123,1): error C3646: 'uint8': unknown override specifier
E:\Perso\Developpement\Programmes\Programmes\C++\GameBoyEmulator\GameBoyEmulator\GameBoyEmulator\Cartridge.cpp(123,18): error C2061: syntax error: identifier 'getCurrentRomBank'
E:\Perso\Developpement\Programmes\Programmes\C++\GameBoyEmulator\GameBoyEmulator\GameBoyEmulator\Cartridge.cpp(124,1): error C4430: missing type specifier - int assumed. Note: C++ does not support default-int
E:\Perso\Developpement\Programmes\Programmes\C++\GameBoyEmulator\GameBoyEmulator\GameBoyEmulator\Cartridge.cpp(124,1): error C2556: 'int Cartridge::getCurrentRomBank(void)': overloaded function differs only by return type from 'uint8 Cartridge::getCurrentRomBank(void)'
E:\Perso\Developpement\Programmes\Programmes\C++\GameBoyEmulator\GameBoyEmulator\GameBoyEmulator\Cartridge.h(56): message : see declaration of 'Cartridge::getCurrentRomBank'
E:\Perso\Developpement\Programmes\Programmes\C++\GameBoyEmulator\GameBoyEmulator\GameBoyEmulator\Cartridge.cpp(123,18): error C2371: 'Cartridge::getCurrentRomBank': redefinition; different basic types
E:\Perso\Developpement\Programmes\Programmes\C++\GameBoyEmulator\GameBoyEmulator\GameBoyEmulator\Cartridge.h(56): message : see declaration of 'Cartridge::getCurrentRomBank'
  Cpu.cpp
  GameBoy.cpp
E:\Perso\Developpement\Programmes\Programmes\C++\GameBoyEmulator\GameBoyEmulator\GameBoyEmulator\GameBoy.cpp(50,21): warning C4244: 'initializing': conversion from 'float' to 'int', possible loss of data
  Ppu.cpp
E:\Perso\Developpement\Programmes\Programmes\C++\GameBoyEmulator\GameBoyEmulator\GameBoyEmulator\Ppu.cpp(18,23): warning C4305: '=': truncation from 'int' to 'uint8'
E:\Perso\Developpement\Programmes\Programmes\C++\GameBoyEmulator\GameBoyEmulator\GameBoyEmulator\Ppu.cpp(18,20): warning C4309: '=': truncation of constant value
E:\Perso\Developpement\Programmes\Programmes\C++\GameBoyEmulator\GameBoyEmulator\GameBoyEmulator\Ppu.cpp(37,25): warning C4305: '=': truncation from 'int' to 'uint8'
E:\Perso\Developpement\Programmes\Programmes\C++\GameBoyEmulator\GameBoyEmulator\GameBoyEmulator\Ppu.cpp(37,22): warning C4309: '=': truncation of constant value
  main.cpp
  Memory.cpp
  Generating Code...
