e:\perso\developpement\programmes\programmes\c++\gameboyemulator\gameboyemulator\gameboyemulator\x64\debug\vc143.pdb
e:\perso\developpement\programmes\programmes\c++\gameboyemulator\gameboyemulator\gameboyemulator\x64\debug\vc143.idb
e:\perso\developpement\programmes\programmes\c++\gameboyemulator\gameboyemulator\gameboyemulator\x64\debug\settings.obj
e:\perso\developpement\programmes\programmes\c++\gameboyemulator\gameboyemulator\gameboyemulator\x64\debug\readwritefiles.obj
e:\perso\developpement\programmes\programmes\c++\gameboyemulator\gameboyemulator\gameboyemulator\x64\debug\memory.obj
e:\perso\developpement\programmes\programmes\c++\gameboyemulator\gameboyemulator\gameboyemulator\x64\debug\main.obj
e:\perso\developpement\programmes\programmes\c++\gameboyemulator\gameboyemulator\gameboyemulator\x64\debug\ppu.obj
e:\perso\developpement\programmes\programmes\c++\gameboyemulator\gameboyemulator\gameboyemulator\x64\debug\glfwopengllib.obj
e:\perso\developpement\programmes\programmes\c++\gameboyemulator\gameboyemulator\gameboyemulator\x64\debug\gameboy.obj
e:\perso\developpement\programmes\programmes\c++\gameboyemulator\gameboyemulator\gameboyemulator\x64\debug\debug.obj
e:\perso\developpement\programmes\programmes\c++\gameboyemulator\gameboyemulator\gameboyemulator\x64\debug\cpu.obj
e:\perso\developpement\programmes\programmes\c++\gameboyemulator\gameboyemulator\gameboyemulator\x64\debug\cartridge.obj
e:\perso\developpement\programmes\programmes\c++\gameboyemulator\gameboyemulator\gameboyemulator\x64\debug\binarylib.obj
e:\perso\developpement\programmes\programmes\c++\gameboyemulator\gameboyemulator\x64\debug\gameboyemulator.exe
e:\perso\developpement\programmes\programmes\c++\gameboyemulator\gameboyemulator\gameboyemulator\x64\debug\gameboyemulator.ilk
e:\perso\developpement\programmes\programmes\c++\gameboyemulator\gameboyemulator\x64\debug\gameboyemulator.pdb
e:\perso\developpement\programmes\programmes\c++\gameboyemulator\gameboyemulator\gameboyemulator\x64\debug\gameboyemulator.tlog\cl.command.1.tlog
e:\perso\developpement\programmes\programmes\c++\gameboyemulator\gameboyemulator\gameboyemulator\x64\debug\gameboyemulator.tlog\cl.read.1.tlog
e:\perso\developpement\programmes\programmes\c++\gameboyemulator\gameboyemulator\gameboyemulator\x64\debug\gameboyemulator.tlog\cl.write.1.tlog
e:\perso\developpement\programmes\programmes\c++\gameboyemulator\gameboyemulator\gameboyemulator\x64\debug\gameboyemulator.tlog\link.command.1.tlog
e:\perso\developpement\programmes\programmes\c++\gameboyemulator\gameboyemulator\gameboyemulator\x64\debug\gameboyemulator.tlog\link.read.1.tlog
e:\perso\developpement\programmes\programmes\c++\gameboyemulator\gameboyemulator\gameboyemulator\x64\debug\gameboyemulator.tlog\link.write.1.tlog
