GlfwOpenglLib.obj : error LNK2001: unresolved external symbol glfwSwapBuffers
GlfwOpenglLib.obj : error LNK2001: unresolved external symbol glfwSetFramebufferSizeCallback
GlfwOpenglLib.obj : error LNK2001: unresolved external symbol __imp_glViewport
GlfwOpenglLib.obj : error LNK2001: unresolved external symbol __imp_glClear
GlfwOpenglLib.obj : error LNK2001: unresolved external symbol glfwGetVideoMode
GlfwOpenglLib.obj : error LNK2001: unresolved external symbol __imp_glEnd
GlfwOpenglLib.obj : error LNK2001: unresolved external symbol glfwTerminate
GlfwOpenglLib.obj : error LNK2001: unresolved external symbol glfwSetWindowMonitor
GlfwOpenglLib.obj : error LNK2001: unresolved external symbol glfwPollEvents
GlfwOpenglLib.obj : error LNK2001: unresolved external symbol glfwInit
GlfwOpenglLib.obj : error LNK2001: unresolved external symbol glfwSetKeyCallback
GlfwOpenglLib.obj : error LNK2001: unresolved external symbol __imp_glColor3f
GlfwOpenglLib.obj : error LNK2001: unresolved external symbol glfwSetWindowShouldClose
GlfwOpenglLib.obj : error LNK2001: unresolved external symbol glfwCreateWindow
GlfwOpenglLib.obj : error LNK2001: unresolved external symbol glfwMakeContextCurrent
GlfwOpenglLib.obj : error LNK2001: unresolved external symbol __imp_glBegin
GlfwOpenglLib.obj : error LNK2001: unresolved external symbol glfwGetWindowPos
GlfwOpenglLib.obj : error LNK2001: unresolved external symbol glfwDestroyWindow
GlfwOpenglLib.obj : error LNK2001: unresolved external symbol __imp_glClearColor
GlfwOpenglLib.obj : error LNK2001: unresolved external symbol __imp_glVertex2f
GlfwOpenglLib.obj : error LNK2001: unresolved external symbol glfwGetPrimaryMonitor
GlfwOpenglLib.obj : error LNK2001: unresolved external symbol __imp_glewExperimental
GlfwOpenglLib.obj : error LNK2001: unresolved external symbol glfwSetErrorCallback
GlfwOpenglLib.obj : error LNK2001: unresolved external symbol glfwWindowShouldClose
GlfwOpenglLib.obj : error LNK2001: unresolved external symbol __imp_glewInit
GlfwOpenglLib.obj : error LNK2001: unresolved external symbol glfwSetWindowPos
E:\Perso\Developpement\Programmes\Programmes\C++\GameBoyEmulator\GameBoyEmulator\x64\Release\GameBoyEmulator.exe : fatal error LNK1120: 26 unresolved externals
