e:\perso\developpement\programmes\programmes\c++\gameboyemulator\gameboyemulator\gameboyemulator\debug\vc143.pdb
e:\perso\developpement\programmes\programmes\c++\gameboyemulator\gameboyemulator\gameboyemulator\debug\vc143.idb
e:\perso\developpement\programmes\programmes\c++\gameboyemulator\gameboyemulator\gameboyemulator\debug\spu.obj
e:\perso\developpement\programmes\programmes\c++\gameboyemulator\gameboyemulator\gameboyemulator\debug\sdllib.obj
e:\perso\developpement\programmes\programmes\c++\gameboyemulator\gameboyemulator\gameboyemulator\debug\memory.obj
e:\perso\developpement\programmes\programmes\c++\gameboyemulator\gameboyemulator\gameboyemulator\debug\main.obj
e:\perso\developpement\programmes\programmes\c++\gameboyemulator\gameboyemulator\gameboyemulator\debug\joypad.obj
e:\perso\developpement\programmes\programmes\c++\gameboyemulator\gameboyemulator\gameboyemulator\debug\gameboy.obj
e:\perso\developpement\programmes\programmes\c++\gameboyemulator\gameboyemulator\gameboyemulator\debug\debug.obj
e:\perso\developpement\programmes\programmes\c++\gameboyemulator\gameboyemulator\gameboyemulator\debug\cpu.obj
e:\perso\developpement\programmes\programmes\c++\gameboyemulator\gameboyemulator\gameboyemulator\debug\cartridge.obj
e:\perso\developpement\programmes\programmes\c++\gameboyemulator\gameboyemulator\gameboyemulator\debug\binarylib.obj
e:\perso\developpement\programmes\programmes\c++\gameboyemulator\gameboyemulator\gameboyemulator\debug\ppu.obj
e:\perso\developpement\programmes\programmes\c++\gameboyemulator\gameboyemulator\debug\gameboyemulator.exe
e:\perso\developpement\programmes\programmes\c++\gameboyemulator\gameboyemulator\gameboyemulator\debug\gameboyemulator.ilk
e:\perso\developpement\programmes\programmes\c++\gameboyemulator\gameboyemulator\debug\gameboyemulator.pdb
e:\perso\developpement\programmes\programmes\c++\gameboyemulator\gameboyemulator\gameboyemulator\debug\sdllib.obj.enc
e:\perso\developpement\programmes\programmes\c++\gameboyemulator\gameboyemulator\gameboyemulator\debug\binarylib.nativecodeanalysis.xml
e:\perso\developpement\programmes\programmes\c++\gameboyemulator\gameboyemulator\gameboyemulator\debug\cartridge.nativecodeanalysis.xml
e:\perso\developpement\programmes\programmes\c++\gameboyemulator\gameboyemulator\gameboyemulator\debug\cpu.nativecodeanalysis.xml
e:\perso\developpement\programmes\programmes\c++\gameboyemulator\gameboyemulator\gameboyemulator\debug\debug.nativecodeanalysis.xml
e:\perso\developpement\programmes\programmes\c++\gameboyemulator\gameboyemulator\gameboyemulator\debug\gameboy.nativecodeanalysis.xml
e:\perso\developpement\programmes\programmes\c++\gameboyemulator\gameboyemulator\gameboyemulator\debug\joypad.nativecodeanalysis.xml
e:\perso\developpement\programmes\programmes\c++\gameboyemulator\gameboyemulator\gameboyemulator\debug\main.nativecodeanalysis.xml
e:\perso\developpement\programmes\programmes\c++\gameboyemulator\gameboyemulator\gameboyemulator\debug\memory.nativecodeanalysis.xml
e:\perso\developpement\programmes\programmes\c++\gameboyemulator\gameboyemulator\gameboyemulator\debug\ppu.nativecodeanalysis.xml
e:\perso\developpement\programmes\programmes\c++\gameboyemulator\gameboyemulator\gameboyemulator\debug\sdllib.nativecodeanalysis.xml
e:\perso\developpement\programmes\programmes\c++\gameboyemulator\gameboyemulator\gameboyemulator\debug\spu.nativecodeanalysis.xml
e:\perso\developpement\programmes\programmes\c++\gameboyemulator\gameboyemulator\gameboyemulator\debug\vc.nativecodeanalysis.all.xml
e:\perso\developpement\programmes\programmes\c++\gameboyemulator\gameboyemulator\gameboyemulator\debug\gameboyemulator.tlog\cl.command.1.tlog
e:\perso\developpement\programmes\programmes\c++\gameboyemulator\gameboyemulator\gameboyemulator\debug\gameboyemulator.tlog\cl.read.1.tlog
e:\perso\developpement\programmes\programmes\c++\gameboyemulator\gameboyemulator\gameboyemulator\debug\gameboyemulator.tlog\cl.write.1.tlog
e:\perso\developpement\programmes\programmes\c++\gameboyemulator\gameboyemulator\gameboyemulator\debug\gameboyemulator.tlog\link.command.1.tlog
e:\perso\developpement\programmes\programmes\c++\gameboyemulator\gameboyemulator\gameboyemulator\debug\gameboyemulator.tlog\link.read.1.tlog
e:\perso\developpement\programmes\programmes\c++\gameboyemulator\gameboyemulator\gameboyemulator\debug\gameboyemulator.tlog\link.write.1.tlog
