e:\perso\developpement\programmes\programmes\c++\gameboyemulator\sdl_version\gameboyemulator\gameboyemulator\release\vc143.pdb
e:\perso\developpement\programmes\programmes\c++\gameboyemulator\sdl_version\gameboyemulator\gameboyemulator\release\sdllib.obj
e:\perso\developpement\programmes\programmes\c++\gameboyemulator\sdl_version\gameboyemulator\gameboyemulator\release\ppu.obj
e:\perso\developpement\programmes\programmes\c++\gameboyemulator\sdl_version\gameboyemulator\gameboyemulator\release\memory.obj
e:\perso\developpement\programmes\programmes\c++\gameboyemulator\sdl_version\gameboyemulator\gameboyemulator\release\main.obj
e:\perso\developpement\programmes\programmes\c++\gameboyemulator\sdl_version\gameboyemulator\gameboyemulator\release\gameboy.obj
e:\perso\developpement\programmes\programmes\c++\gameboyemulator\sdl_version\gameboyemulator\gameboyemulator\release\debug.obj
e:\perso\developpement\programmes\programmes\c++\gameboyemulator\sdl_version\gameboyemulator\gameboyemulator\release\cpu.obj
e:\perso\developpement\programmes\programmes\c++\gameboyemulator\sdl_version\gameboyemulator\gameboyemulator\release\cartridge.obj
e:\perso\developpement\programmes\programmes\c++\gameboyemulator\sdl_version\gameboyemulator\gameboyemulator\release\binarylib.obj
e:\perso\developpement\programmes\programmes\c++\gameboyemulator\sdl_version\gameboyemulator\release\gameboyemulator.exe
e:\perso\developpement\programmes\programmes\c++\gameboyemulator\sdl_version\gameboyemulator\gameboyemulator\release\gameboyemulator.ipdb
e:\perso\developpement\programmes\programmes\c++\gameboyemulator\sdl_version\gameboyemulator\gameboyemulator\release\gameboyemulator.iobj
e:\perso\developpement\programmes\programmes\c++\gameboyemulator\sdl_version\gameboyemulator\release\gameboyemulator.pdb
e:\perso\developpement\programmes\programmes\c++\gameboyemulator\gameboyemulator\gameboyemulator\release\binarylib.obj
e:\perso\developpement\programmes\programmes\c++\gameboyemulator\gameboyemulator\gameboyemulator\release\cartridge.obj
e:\perso\developpement\programmes\programmes\c++\gameboyemulator\gameboyemulator\gameboyemulator\release\cpu.obj
e:\perso\developpement\programmes\programmes\c++\gameboyemulator\gameboyemulator\gameboyemulator\release\debug.obj
e:\perso\developpement\programmes\programmes\c++\gameboyemulator\gameboyemulator\gameboyemulator\release\gameboy.obj
e:\perso\developpement\programmes\programmes\c++\gameboyemulator\gameboyemulator\gameboyemulator\release\main.obj
e:\perso\developpement\programmes\programmes\c++\gameboyemulator\gameboyemulator\gameboyemulator\release\memory.obj
e:\perso\developpement\programmes\programmes\c++\gameboyemulator\gameboyemulator\gameboyemulator\release\ppu.obj
e:\perso\developpement\programmes\programmes\c++\gameboyemulator\gameboyemulator\gameboyemulator\release\sdllib.obj
e:\perso\developpement\programmes\programmes\c++\gameboyemulator\gameboyemulator\gameboyemulator\release\gameboyemulator.ipdb
e:\perso\developpement\programmes\programmes\c++\gameboyemulator\gameboyemulator\gameboyemulator\release\gameboyemulator.iobj
e:\perso\developpement\programmes\programmes\c++\gameboyemulator\gameboyemulator\gameboyemulator\release\vc143.pdb
e:\perso\developpement\programmes\programmes\c++\gameboyemulator\gameboyemulator\release\gameboyemulator.pdb
e:\perso\developpement\programmes\programmes\c++\gameboyemulator\gameboyemulator\release\gameboyemulator.exe
e:\perso\developpement\programmes\programmes\c++\gameboyemulator\gameboyemulator\gameboyemulator\release\gameboyemulator.tlog\cl.command.1.tlog
e:\perso\developpement\programmes\programmes\c++\gameboyemulator\gameboyemulator\gameboyemulator\release\gameboyemulator.tlog\cl.read.1.tlog
e:\perso\developpement\programmes\programmes\c++\gameboyemulator\gameboyemulator\gameboyemulator\release\gameboyemulator.tlog\cl.write.1.tlog
e:\perso\developpement\programmes\programmes\c++\gameboyemulator\gameboyemulator\gameboyemulator\release\gameboyemulator.tlog\link.command.1.tlog
e:\perso\developpement\programmes\programmes\c++\gameboyemulator\gameboyemulator\gameboyemulator\release\gameboyemulator.tlog\link.read.1.tlog
e:\perso\developpement\programmes\programmes\c++\gameboyemulator\gameboyemulator\gameboyemulator\release\gameboyemulator.tlog\link.write.1.tlog
